# Do not edit -- this file documents how Postfix was built for your machine.
#----------------------------------------------------------------
# Start of summary of user-configurable 'make makefiles' options.
# CCARGS=-DDEBIAN -DUSE_DYNAMIC_MAPS -DHAS_PCRE -DHAS_LDAP -DUSE_LDAP_SASL -DHAS_SQLITE -DMYORIGIN_FROM_FILE  -DHAS_CDB -DHAS_MYSQL -I/usr/include/mysql -DHAS_PGSQL -I/usr/include/postgresql -DHAS_SQLITE -I/usr/include -DHAS_SSL -I/usr/include/openssl -DUSE_SASL_AUTH -I/usr/include/sasl -DUSE_CYRUS_SASL -DUSE_TLS
# AUXLIBS=-lssl -lcrypto -lsasl2 -lpthread -L/build-src/src/postfix-3.0.3/debian
# shared=yes
# dynamicmaps=yes
# pie=
# End of summary of user-configurable 'make makefiles' options.
#--------------------------------------------------------------
# System-dependent settings and compiler/linker overrides.
SYSTYPE	= LINUX3
_AR	= ar
ARFL	= rv
_RANLIB	= ranlib
SYSLIBS	= -lssl -lcrypto -lsasl2 -lpthread -L/build-src/src/postfix-3.0.3/debian -ldb -lnsl -lresolv -ldl -L/usr/local/lib -licuuc 
CC	= gcc -I. -I../../include -DDEBIAN -DUSE_DYNAMIC_MAPS -DHAS_PCRE -DHAS_LDAP -DUSE_LDAP_SASL -DHAS_SQLITE -DMYORIGIN_FROM_FILE -DHAS_CDB -DHAS_MYSQL -I/usr/include/mysql -DHAS_PGSQL -I/usr/include/postgresql -DHAS_SQLITE -I/usr/include -DHAS_SSL -I/usr/include/openssl -DUSE_SASL_AUTH -I/usr/include/sasl -DUSE_CYRUS_SASL -DUSE_TLS -DUSE_DYNAMIC_LIBS -DUSE_DYNAMIC_MAPS $(WARN)
OPT	= -O2
DEBUG	= 
AWK	= awk
STRCASE = 
EXPORT	= CCARGS='-I. -I../../include -DDEBIAN -DUSE_DYNAMIC_MAPS -DHAS_PCRE -DHAS_LDAP -DUSE_LDAP_SASL -DHAS_SQLITE -DMYORIGIN_FROM_FILE -DHAS_CDB -DHAS_MYSQL -I/usr/include/mysql -DHAS_PGSQL -I/usr/include/postgresql -DHAS_SQLITE -I/usr/include -DHAS_SSL -I/usr/include/openssl -DUSE_SASL_AUTH -I/usr/include/sasl -DUSE_CYRUS_SASL -DUSE_TLS -DUSE_DYNAMIC_LIBS -DUSE_DYNAMIC_MAPS' OPT='-O2' DEBUG=''
WARN	= -Wall -Wno-comment -Wformat -Wimplicit -Wmissing-prototypes \
	-Wparentheses -Wstrict-prototypes -Wswitch -Wuninitialized \
	-Wunused -Wno-missing-braces
DEFINED_MAP_TYPES = pcre ldap sqlite cdb mysql pgsql ssl
MAKE_FIX = 
# Switch between Postfix static and dynamically-linked libraries.
AR	= :
RANLIB	= :
LIB_PREFIX = postfix-
LIB_SUFFIX = .so
SHLIB_CFLAGS = -fPIC
SHLIB_DIR = /usr/lib/postfix
SHLIB_LD = gcc -shared -Wl,-soname,${LIB}
SHLIB_SYSLIBS = -lssl -lcrypto -lsasl2 -lpthread -L/build-src/src/postfix-3.0.3/debian -ldb -lnsl -lresolv -ldl -L/usr/local/lib -licuuc
SHLIB_RPATH = -Wl,--enable-new-dtags -Wl,-rpath,${SHLIB_DIR}
# Switch between dynamicmaps.cf plugins and hard-linked databases.
NON_PLUGIN_MAP_OBJ = 
PLUGIN_MAP_OBJ = $(MAP_OBJ)
PLUGIN_MAP_OBJ_UPDATE = plugin_map_obj_update
PLUGIN_MAP_SO_MAKE = plugin_map_so_make
PLUGIN_MAP_SO_UPDATE = plugin_map_so_update
PLUGIN_LD = gcc -shared
# Application-specific rules.
